/Users/venkats/books/vsscala2/Book/code/MakingUseOfTypes/Err.scala:14: 
error: type mismatch;
 found   : Int(2)
 required: ?{def foo: ?}
Note that implicit conversions are not applicable because they are 
ambiguous:
 both method convertIntToOne of type (number: Int)this.One
 and method convertIntToTwo of type (number: Int)this.Two
 are possible conversion functions from Int(2) to ?{def foo: ?}
println(2.foo)
        ^
/Users/venkats/books/vsscala2/Book/code/MakingUseOfTypes/Err.scala:14: 
error: value foo is not a member of Int
println(2.foo)
          ^
/Users/venkats/books/vsscala2/Book/code/MakingUseOfTypes/Err.scala:15: 
error: type mismatch;
 found   : Int(2)
 required: ?{def foo: ?}
Note that implicit conversions are not applicable because they are 
ambiguous:
 both method convertIntToOne of type (number: Int)this.One
 and method convertIntToTwo of type (number: Int)this.Two
 are possible conversion functions from Int(2) to ?{def foo: ?}
println(2.foo)
        ^
/Users/venkats/books/vsscala2/Book/code/MakingUseOfTypes/Err.scala:15: 
error: value foo is not a member of Int
println(2.foo)
          ^
four errors found
