// #output
       5: ldc           #76                 // String Snowy
       7: invokespecial #79                 // Method 
Name."<init>":(Ljava/lang/String;)V
      10: putfield      #71                 // Field name:LName;
      13: getstatic     #64                 // Field 
scala/Predef$.MODULE$:Lscala/Predef$;
      16: aload_0
      17: invokevirtual #81                 // Method name:()LName;
      20: invokevirtual #85                 // Method Name.length:()I
      23: invokestatic  #91                 // Method 
scala/runtime/BoxesRunTime.boxToInteger:(I)Ljava/lang/Integer;
      26: invokevirtual #68                 // Method 
scala/Predef$.println:(Ljava/lang/Object;)V
      29: aload_0
      30: aload_0
      31: invokevirtual #81                 // Method name:()LName;
      34: invokevirtual #93                 // Method printName:(LName;)V
      37: return
// #output
