// #snip_12-5_output
isOlderThan17 called for (Mark,32)
isOlderThan17 called for (Bob,22)
isOlderThan17 called for (Jane,8)
isOlderThan17 called for (Jill,21)
isOlderThan17 called for (Nick,50)
isOlderThan17 called for (Nancy,42)
isOlderThan17 called for (Mike,19)
isOlderThan17 called for (Sara,12)
isOlderThan17 called for (Paula,42)
isOlderThan17 called for (John,21)
isNameStartsWithJ called for (Mark,32)
isNameStartsWithJ called for (Bob,22)
isNameStartsWithJ called for (Jill,21)
isNameStartsWithJ called for (Nick,50)
isNameStartsWithJ called for (Nancy,42)
isNameStartsWithJ called for (Mike,19)
isNameStartsWithJ called for (Paula,42)
isNameStartsWithJ called for (John,21)
(Jill,21)
// #snip_12-5_output