// #snip_12-15_output
Bengaluru       84.2   few clouds
Berlin          45.63  broken clouds
Boston          52.23  scattered clouds
Brussels        50.83  Sky is Clear
Chicago         46.13  sky is clear
Cracow          40.39  moderate rain
Houston         54.01  light intensity drizzle
London          55.33  Sky is Clear
Minneapolis     42.82  sky is clear
Oslo            47.3   Sky is Clear
Reykjavik       31.17  proximity shower rain
Rome            58.42  few clouds
Stockholm       47.28  Sky is Clear
Sydney          68.9   Sky is Clear
Tromso          35.6   proximity shower rain
Time taken: 67.208944087 sec
// #snip_12-15_output

// #snip_12-16_output
Bengaluru       84.2   few clouds
Berlin          45.63  broken clouds
Boston          52.23  scattered clouds
Brussels        50.83  Sky is Clear
Chicago         46.13  sky is clear
Cracow          40.39  moderate rain
Houston         54.01  light intensity drizzle
London          55.33  Sky is Clear
Minneapolis     42.82  sky is clear
Oslo            47.3   Sky is Clear
Reykjavik       31.17  proximity shower rain
Rome            58.42  few clouds
Stockholm       47.28  Sky is Clear
Sydney          68.9   Sky is Clear
Tromso          35.6   proximity shower rain
Time taken: 0.171599394 sec
// #snip_12-16_output
