/Users/venkats/books/vsscala2/Book/code/UsingTraits/TreatCatAsFriend.scala:
3: error: not found: type Cat
val angel = new Cat("Angel") with Friend
                ^
/Users/venkats/books/vsscala2/Book/code/UsingTraits/TreatCatAsFriend.scala:
3: error: not found: type Friend
val angel = new Cat("Angel") with Friend
                                  ^
/Users/venkats/books/vsscala2/Book/code/UsingTraits/TreatCatAsFriend.scala:
4: error: not found: type Friend
val friend : Friend = angel
             ^
/Users/venkats/books/vsscala2/Book/code/UsingTraits/TreatCatAsFriend.scala:
1: error: not found: type Friend
def useFriend(friend: Friend) = friend.listen
                      ^
/Users/venkats/books/vsscala2/Book/code/UsingTraits/TreatCatAsFriend.scala:
5: error: value listen is not a member of AnyRef
angel.listen
      ^
5 errors found
