// #snip_8-9_output
# of Filtered: 1
// #snip_8-9_output

// #snip_8-10_output
# of feeds with auth name D* and pragprog in URL: 1
// #snip_8-10_output

// #snip_8-11_output
Get Andy's Feed: Some(blog.toolshed.com)
Get Bill's Feed: None
// #snip_8-11_output

// #snip_8-12_output
Get Andy's Feed Using apply(): blog.toolshed.com
Get Bill's Feed: Not found
// #snip_8-12_output

// #snip_8-13_output
Venkat's blog in original feeds: None
Venkat's blog in new feed: blog.agiledeveloper.com
// #snip_8-13_output

// #snip_8-14_output
Number of forums: 2
// #snip_8-14_output