java.lang.IllegalArgumentException
	at Main$$anon$1.<init>(Throw.scala:1)
	at Main$.main(Throw.scala:1)
	at Main.main(Throw.scala)
	at sun.reflect.NativeMethodAccessorImpl.invoke0(Native Method)
	at 
sun.reflect.NativeMethodAccessorImpl.invoke(NativeMethodAccessorImpl.java:6
2)
	at 
sun.reflect.DelegatingMethodAccessorImpl.invoke(DelegatingMethodAccessorImp
l.java:43)
	at java.lang.reflect.Method.invoke(Method.java:497)
	at 
scala.reflect.internal.util.ScalaClassLoader$$anonfun$run$1.apply(ScalaClas
sLoader.scala:70)
	at 
scala.reflect.internal.util.ScalaClassLoader$class.asContext(ScalaClassLoad
er.scala:31)
	at 
scala.reflect.internal.util.ScalaClassLoader$URLClassLoader.asContext(Scala
ClassLoader.scala:101)
	at 
scala.reflect.internal.util.ScalaClassLoader$class.run(ScalaClassLoader.sca
la:70)
	at 
scala.reflect.internal.util.ScalaClassLoader$URLClassLoader.run(ScalaClassL
oader.scala:101)
	at scala.tools.nsc.CommonRunner$class.run(ObjectRunner.scala:22)
	at scala.tools.nsc.ObjectRunner$.run(ObjectRunner.scala:39)
	at 
scala.tools.nsc.CommonRunner$class.runAndCatch(ObjectRunner.scala:29)
	at scala.tools.nsc.ObjectRunner$.runAndCatch(ObjectRunner.scala:39)
	at 
scala.tools.nsc.ScriptRunner.scala$tools$nsc$ScriptRunner$$runCompiled(Scri
ptRunner.scala:175)
	at 
scala.tools.nsc.ScriptRunner$$anonfun$runScript$1.apply(ScriptRunner.scala:
192)
	at 
scala.tools.nsc.ScriptRunner$$anonfun$runScript$1.apply(ScriptRunner.scala:
192)
	at 
scala.tools.nsc.ScriptRunner$$anonfun$withCompiledScript$1$$anonfun$apply$m
cZ$sp$1.apply(ScriptRunner.scala:161)
	at 
scala.tools.nsc.ScriptRunner$$anonfun$withCompiledScript$1.apply$mcZ$sp(Scr
iptRunner.scala:161)
	at 
scala.tools.nsc.ScriptRunner$$anonfun$withCompiledScript$1.apply(ScriptRunn
er.scala:129)
	at 
scala.tools.nsc.ScriptRunner$$anonfun$withCompiledScript$1.apply(ScriptRunn
er.scala:129)
	at scala.tools.nsc.util.package$.trackingThreads(package.scala:43)
	at 
scala.tools.nsc.util.package$.waitingForThreads(package.scala:27)
	at 
scala.tools.nsc.ScriptRunner.withCompiledScript(ScriptRunner.scala:128)
	at scala.tools.nsc.ScriptRunner.runScript(ScriptRunner.scala:192)
	at 
scala.tools.nsc.ScriptRunner.runScriptAndCatch(ScriptRunner.scala:205)
	at 
scala.tools.nsc.MainGenericRunner.runTarget$1(MainGenericRunner.scala:67)
	at 
scala.tools.nsc.MainGenericRunner.run$1(MainGenericRunner.scala:87)
	at 
scala.tools.nsc.MainGenericRunner.process(MainGenericRunner.scala:98)
	at 
scala.tools.nsc.MainGenericRunner$.main(MainGenericRunner.scala:103)
	at scala.tools.nsc.MainGenericRunner.main(MainGenericRunner.scala)
